mode: set
webapp/cmd/web/forms.go:15.42,17.26 2 1
webapp/cmd/web/forms.go:17.26,19.3 1 1
webapp/cmd/web/forms.go:21.2,21.22 1 1
webapp/cmd/web/forms.go:24.44,26.2 1 1
webapp/cmd/web/forms.go:28.37,33.2 1 1
webapp/cmd/web/forms.go:35.39,37.13 2 1
webapp/cmd/web/forms.go:37.13,39.3 1 1
webapp/cmd/web/forms.go:41.2,41.13 1 1
webapp/cmd/web/forms.go:44.43,45.31 1 1
webapp/cmd/web/forms.go:45.31,47.37 2 1
webapp/cmd/web/forms.go:47.37,49.4 1 1
webapp/cmd/web/forms.go:53.52,54.9 1 1
webapp/cmd/web/forms.go:54.9,56.3 1 1
webapp/cmd/web/forms.go:59.29,61.2 1 1
webapp/cmd/web/handlers.go:18.70,20.2 1 1
webapp/cmd/web/handlers.go:22.108,25.16 2 1
webapp/cmd/web/handlers.go:25.16,28.3 2 0
webapp/cmd/web/handlers.go:30.2,34.16 3 1
webapp/cmd/web/handlers.go:34.16,36.3 1 0
webapp/cmd/web/handlers.go:38.2,38.12 1 1
webapp/cmd/web/handlers.go:41.71,43.16 2 0
webapp/cmd/web/handlers.go:43.16,47.3 3 0
webapp/cmd/web/handlers.go:49.2,54.22 4 0
webapp/cmd/web/main.go:10.13,22.16 5 0
webapp/cmd/web/main.go:22.16,24.3 1 0
webapp/cmd/web/middleware.go:14.67,16.2 1 1
webapp/cmd/web/middleware.go:18.72,19.71 1 1
webapp/cmd/web/middleware.go:19.71,24.17 3 1
webapp/cmd/web/middleware.go:24.17,26.20 2 1
webapp/cmd/web/middleware.go:26.20,28.5 1 1
webapp/cmd/web/middleware.go:30.4,30.60 1 1
webapp/cmd/web/middleware.go:31.9,33.4 1 1
webapp/cmd/web/middleware.go:34.3,34.40 1 1
webapp/cmd/web/middleware.go:38.45,40.16 2 1
webapp/cmd/web/middleware.go:40.16,42.3 1 1
webapp/cmd/web/middleware.go:44.2,45.19 2 1
webapp/cmd/web/middleware.go:45.19,47.3 1 1
webapp/cmd/web/middleware.go:49.2,50.22 2 1
webapp/cmd/web/middleware.go:50.22,52.3 1 1
webapp/cmd/web/middleware.go:54.2,54.18 1 1
webapp/cmd/web/middleware.go:54.18,56.3 1 0
webapp/cmd/web/middleware.go:58.2,58.16 1 1
webapp/cmd/web/routes.go:10.47,26.2 8 1
